<?xml version="1.0" encoding="UTF-8"?>
<!-- Generated by org.testng.reporters.JUnitReportReporter -->
<testsuite hostname="DDC5-L-G310NW2" failures="0" tests="1" name="org.testing.testScripts.TC1_PostRequest" time="1.365" errors="0" timestamp="2022-08-08T13:05:39 IST" skipped="0">
  <testcase classname="org.testing.testScripts.TC1_PostRequest" name="testCase1" time="1.365"/>
  <system-out/>
</testsuite> <!-- org.testing.testScripts.TC1_PostRequest -->
